<?xml version="1.0" encoding="UTF-8"?>
<coverage generated="1686095279515" clover="3.2.0">
  <project timestamp="1686095279515" name="All files">
    <metrics statements="31" coveredstatements="29" conditionals="6" coveredconditionals="6" methods="8" coveredmethods="6" elements="45" coveredelements="41" complexity="0" loc="31" ncloc="31" packages="3" files="5" classes="5"/>
    <package name="src">
      <metrics statements="19" coveredstatements="17" conditionals="0" coveredconditionals="0" methods="4" coveredmethods="2"/>
      <file name="app.js" path="/home/mohammad/advance/basic-express-server/src/app.js">
        <metrics statements="19" coveredstatements="17" conditionals="0" coveredconditionals="0" methods="4" coveredmethods="2"/>
        <line num="1" count="1" type="stmt"/>
        <line num="2" count="1" type="stmt"/>
        <line num="3" count="1" type="stmt"/>
        <line num="4" count="1" type="stmt"/>
        <line num="5" count="1" type="stmt"/>
        <line num="6" count="1" type="stmt"/>
        <line num="7" count="1" type="stmt"/>
        <line num="8" count="1" type="stmt"/>
        <line num="11" count="1" type="stmt"/>
        <line num="15" count="1" type="stmt"/>
        <line num="16" count="1" type="stmt"/>
        <line num="19" count="1" type="stmt"/>
        <line num="20" count="1" type="stmt"/>
        <line num="21" count="1" type="stmt"/>
        <line num="26" count="1" type="stmt"/>
        <line num="27" count="1" type="stmt"/>
        <line num="29" count="0" type="stmt"/>
        <line num="30" count="0" type="stmt"/>
        <line num="32" count="1" type="stmt"/>
      </file>
    </package>
    <package name="src.error-handlers">
      <metrics statements="4" coveredstatements="4" conditionals="0" coveredconditionals="0" methods="2" coveredmethods="2"/>
      <file name="404.js" path="/home/mohammad/advance/basic-express-server/src/error-handlers/404.js">
        <metrics statements="2" coveredstatements="2" conditionals="0" coveredconditionals="0" methods="1" coveredmethods="1"/>
        <line num="1" count="1" type="stmt"/>
        <line num="2" count="1" type="stmt"/>
      </file>
      <file name="500.js" path="/home/mohammad/advance/basic-express-server/src/error-handlers/500.js">
        <metrics statements="2" coveredstatements="2" conditionals="0" coveredconditionals="0" methods="1" coveredmethods="1"/>
        <line num="1" count="1" type="stmt"/>
        <line num="2" count="1" type="stmt"/>
      </file>
    </package>
    <package name="src.middleware">
      <metrics statements="8" coveredstatements="8" conditionals="6" coveredconditionals="6" methods="2" coveredmethods="2"/>
      <file name="logger.js" path="/home/mohammad/advance/basic-express-server/src/middleware/logger.js">
        <metrics statements="3" coveredstatements="3" conditionals="0" coveredconditionals="0" methods="1" coveredmethods="1"/>
        <line num="2" count="4" type="stmt"/>
        <line num="3" count="4" type="stmt"/>
        <line num="5" count="1" type="stmt"/>
      </file>
      <file name="validator.js" path="/home/mohammad/advance/basic-express-server/src/middleware/validator.js">
        <metrics statements="5" coveredstatements="5" conditionals="6" coveredconditionals="6" methods="1" coveredmethods="1"/>
        <line num="2" count="2" type="stmt"/>
        <line num="3" count="2" type="cond" truecount="6" falsecount="0"/>
        <line num="4" count="1" type="stmt"/>
        <line num="6" count="1" type="stmt"/>
        <line num="9" count="1" type="stmt"/>
      </file>
    </package>
  </project>
</coverage>
