TN:
SF:src/app.js
FN:15,(anonymous_0)
FN:19,(anonymous_1)
FN:28,start
FN:29,(anonymous_3)
FNF:4
FNH:2
FNDA:1,(anonymous_0)
FNDA:1,(anonymous_1)
FNDA:0,start
FNDA:0,(anonymous_3)
DA:1,1
DA:2,1
DA:3,1
DA:4,1
DA:5,1
DA:6,1
DA:7,1
DA:8,1
DA:11,1
DA:15,1
DA:16,1
DA:19,1
DA:20,1
DA:21,1
DA:26,1
DA:27,1
DA:29,0
DA:30,0
DA:32,1
LF:19
LH:17
BRF:0
BRH:0
end_of_record
TN:
SF:src/error-handlers/404.js
FN:1,(anonymous_0)
FNF:1
FNH:1
FNDA:1,(anonymous_0)
DA:1,1
DA:2,1
LF:2
LH:2
BRF:0
BRH:0
end_of_record
TN:
SF:src/error-handlers/500.js
FN:1,(anonymous_0)
FNF:1
FNH:1
FNDA:1,(anonymous_0)
DA:1,1
DA:2,1
LF:2
LH:2
BRF:0
BRH:0
end_of_record
TN:
SF:src/middleware/logger.js
FN:1,logger
FNF:1
FNH:1
FNDA:4,logger
DA:2,4
DA:3,4
DA:5,1
LF:3
LH:3
BRF:0
BRH:0
end_of_record
TN:
SF:src/middleware/validator.js
FN:1,validator
FNF:1
FNH:1
FNDA:2,validator
DA:2,2
DA:3,2
DA:4,1
DA:6,1
DA:9,1
LF:5
LH:5
BRDA:3,0,0,1
BRDA:3,0,1,1
BRDA:3,1,0,2
BRDA:3,1,1,1
BRDA:3,1,2,1
BRDA:3,1,3,1
BRF:6
BRH:6
end_of_record
